<?xml version="1.0" encoding="UTF-8"?>
<!-- Generated by org.testng.reporters.JUnitReportReporter -->
<testsuite skipped="11" hostname="LAPTOP-LNOE2B0V" name="home.TestHomePage" tests="12" failures="0" timestamp="2019-09-26T00:06:48 EDT" time="-1569470848.000" errors="1">
  <testcase name="navigateToBusinessPage" time="0.000" classname="home.TestHomePage">
    <skipped/>
  </testcase> <!-- navigateToBusinessPage -->
  <testcase name="navigateToEntertainmentPage" time="0.000" classname="home.TestHomePage">
    <skipped/>
  </testcase> <!-- navigateToEntertainmentPage -->
  <testcase name="navigateToStylePage" time="0.000" classname="home.TestHomePage">
    <skipped/>
  </testcase> <!-- navigateToStylePage -->
  <testcase name="navigateToTravelPage" time="0.000" classname="home.TestHomePage">
    <skipped/>
  </testcase> <!-- navigateToTravelPage -->
  <testcase name="navigateToUsSection" time="0.000" classname="home.TestHomePage">
    <skipped/>
  </testcase> <!-- navigateToUsSection -->
  <testcase name="navigateTovideosPage" time="0.000" classname="home.TestHomePage">
    <skipped/>
  </testcase> <!-- navigateTovideosPage -->
  <testcase name="navigateToPoliticsSection" time="0.000" classname="home.TestHomePage">
    <skipped/>
  </testcase> <!-- navigateToPoliticsSection -->
  <testcase name="setUp" time="-1569470848.000" classname="home.TestHomePage">
    <error type="org.testng.TestNGException" message="
Parameter &#039;url&#039; is required by BeforeMethod on method setUp but has not been marked @Optional or defined
">
      <![CDATA[org.testng.TestNGException: 
Parameter 'url' is required by BeforeMethod on method setUp but has not been marked @Optional or defined

at org.testng.internal.Parameters.createParams(Parameters.java:289)
at org.testng.internal.Parameters.createParametersForMethod(Parameters.java:377)
at org.testng.internal.Parameters.createParameters(Parameters.java:721)
at org.testng.internal.Parameters.createConfigurationParameters(Parameters.java:164)
at org.testng.internal.ConfigInvoker.invokeConfigurations(ConfigInvoker.java:275)
at org.testng.internal.TestInvoker.runConfigMethods(TestInvoker.java:683)
at org.testng.internal.TestInvoker.invokeMethod(TestInvoker.java:510)
at org.testng.internal.TestInvoker.invokeTestMethod(TestInvoker.java:172)
at org.testng.internal.MethodRunner.runInSequence(MethodRunner.java:46)
at org.testng.internal.TestInvoker$MethodInvocationAgent.invoke(TestInvoker.java:804)
at org.testng.internal.TestInvoker.invokeTestMethods(TestInvoker.java:145)
at org.testng.internal.TestMethodWorker.invokeTestMethods(TestMethodWorker.java:146)
at org.testng.internal.TestMethodWorker.run(TestMethodWorker.java:128)
at java.util.ArrayList.forEach(ArrayList.java:1257)
at org.testng.TestRunner.privateRun(TestRunner.java:770)
at org.testng.TestRunner.run(TestRunner.java:591)
at org.testng.SuiteRunner.runTest(SuiteRunner.java:402)
at org.testng.SuiteRunner.runSequentially(SuiteRunner.java:396)
at org.testng.SuiteRunner.privateRun(SuiteRunner.java:355)
at org.testng.SuiteRunner.run(SuiteRunner.java:304)
at org.testng.SuiteRunnerWorker.runSuite(SuiteRunnerWorker.java:53)
at org.testng.SuiteRunnerWorker.run(SuiteRunnerWorker.java:96)
at org.testng.TestNG.runSuitesSequentially(TestNG.java:1180)
at org.testng.TestNG.runSuitesLocally(TestNG.java:1102)
at org.testng.TestNG.runSuites(TestNG.java:1032)
at org.testng.TestNG.run(TestNG.java:1000)
at org.apache.maven.surefire.testng.TestNGExecutor.run(TestNGExecutor.java:77)
at org.apache.maven.surefire.testng.TestNGDirectoryTestSuite.execute(TestNGDirectoryTestSuite.java:110)
at org.apache.maven.surefire.testng.TestNGProvider.invoke(TestNGProvider.java:106)
at sun.reflect.NativeMethodAccessorImpl.invoke0(Native Method)
at sun.reflect.NativeMethodAccessorImpl.invoke(NativeMethodAccessorImpl.java:62)
at sun.reflect.DelegatingMethodAccessorImpl.invoke(DelegatingMethodAccessorImpl.java:43)
at java.lang.reflect.Method.invoke(Method.java:498)
at org.apache.maven.surefire.util.ReflectionUtils.invokeMethodWithArray(ReflectionUtils.java:189)
at org.apache.maven.surefire.booter.ProviderFactory$ProviderProxy.invoke(ProviderFactory.java:165)
at org.apache.maven.surefire.booter.ProviderFactory.invokeProvider(ProviderFactory.java:85)
at org.apache.maven.surefire.booter.ForkedBooter.runSuitesInProcess(ForkedBooter.java:115)
at org.apache.maven.surefire.booter.ForkedBooter.main(ForkedBooter.java:75)
]]>
    </error>
  </testcase> <!-- setUp -->
  <testcase name="navigateToWorldSection" time="0.000" classname="home.TestHomePage">
    <skipped/>
  </testcase> <!-- navigateToWorldSection -->
  <testcase name="navigateToHealthPage" time="0.000" classname="home.TestHomePage">
    <skipped/>
  </testcase> <!-- navigateToHealthPage -->
  <testcase name="navigateToSportsPage" time="0.000" classname="home.TestHomePage">
    <skipped/>
  </testcase> <!-- navigateToSportsPage -->
  <testcase name="navigateToOpinionPage" time="0.000" classname="home.TestHomePage">
    <skipped/>
  </testcase> <!-- navigateToOpinionPage -->
</testsuite> <!-- home.TestHomePage -->
